0 info it worked if it ends with ok
1 verbose cli [ '/usr/local/Cellar/node/6.1.0/bin/node',
1 verbose cli   '/usr/local/bin/npm',
1 verbose cli   'start' ]
2 info using npm@3.8.6
3 info using node@v6.1.0
4 verbose run-script [ 'prestart', 'start', 'poststart' ]
5 info lifecycle bootstrap@3.3.5~prestart: bootstrap@3.3.5
6 silly lifecycle bootstrap@3.3.5~prestart: no script for prestart, continuing
7 info lifecycle bootstrap@3.3.5~start: bootstrap@3.3.5
8 verbose lifecycle bootstrap@3.3.5~start: unsafe-perm in lifecycle true
9 verbose lifecycle bootstrap@3.3.5~start: PATH: /usr/local/lib/node_modules/npm/bin/node-gyp-bin:/Users/vincentroma/Documents/Code/angular_seed/node_modules/.bin:/usr/local/Cellar/node/6.1.0/bin:/usr/local/bin:/usr/bin:/bin:/usr/sbin:/sbin
10 verbose lifecycle bootstrap@3.3.5~start: CWD: /Users/vincentroma/Documents/Code/angular_seed
11 silly lifecycle bootstrap@3.3.5~start: Args: [ '-c', 'http-server -a localhost -p 5000 -c-1' ]
12 silly lifecycle bootstrap@3.3.5~start: Returned: code: 1  signal: null
13 info lifecycle bootstrap@3.3.5~start: Failed to exec start script
14 verbose stack Error: bootstrap@3.3.5 start: `http-server -a localhost -p 5000 -c-1`
14 verbose stack Exit status 1
14 verbose stack     at EventEmitter.<anonymous> (/usr/local/lib/node_modules/npm/lib/utils/lifecycle.js:239:16)
14 verbose stack     at emitTwo (events.js:106:13)
14 verbose stack     at EventEmitter.emit (events.js:191:7)
14 verbose stack     at ChildProcess.<anonymous> (/usr/local/lib/node_modules/npm/lib/utils/spawn.js:24:14)
14 verbose stack     at emitTwo (events.js:106:13)
14 verbose stack     at ChildProcess.emit (events.js:191:7)
14 verbose stack     at maybeClose (internal/child_process.js:850:16)
14 verbose stack     at Process.ChildProcess._handle.onexit (internal/child_process.js:215:5)
15 verbose pkgid bootstrap@3.3.5
16 verbose cwd /Users/vincentroma/Documents/Code/angular_seed
17 error Darwin 14.5.0
18 error argv "/usr/local/Cellar/node/6.1.0/bin/node" "/usr/local/bin/npm" "start"
19 error node v6.1.0
20 error npm  v3.8.6
21 error code ELIFECYCLE
22 error bootstrap@3.3.5 start: `http-server -a localhost -p 5000 -c-1`
22 error Exit status 1
23 error Failed at the bootstrap@3.3.5 start script 'http-server -a localhost -p 5000 -c-1'.
23 error Make sure you have the latest version of node.js and npm installed.
23 error If you do, this is most likely a problem with the bootstrap package,
23 error not with npm itself.
23 error Tell the author that this fails on your system:
23 error     http-server -a localhost -p 5000 -c-1
23 error You can get information on how to open an issue for this project with:
23 error     npm bugs bootstrap
23 error Or if that isn't available, you can get their info via:
23 error     npm owner ls bootstrap
23 error There is likely additional logging output above.
24 verbose exit [ 1, true ]
